<html>
<head>
<title>TestNG:  Test</title>
<link href="../testng.css" rel="stylesheet" type="text/css" />
<link href="../my-testng.css" rel="stylesheet" type="text/css" />

<style type="text/css">
.log { display: none;} 
.stack-trace { display: none;} 
</style>
<script type="text/javascript">
<!--
function flip(e) {
  current = e.style.display;
  if (current == 'block') {
    e.style.display = 'none';
    return 0;
  }
  else {
    e.style.display = 'block';
    return 1;
  }
}

function toggleBox(szDivId, elem, msg1, msg2)
{
  var res = -1;  if (document.getElementById) {
    res = flip(document.getElementById(szDivId));
  }
  else if (document.all) {
    // this is the way old msie versions work
    res = flip(document.all[szDivId]);
  }
  if(elem) {
    if(res == 0) elem.innerHTML = msg1; else elem.innerHTML = msg2;
  }

}

function toggleAllBoxes() {
  if (document.getElementsByTagName) {
    d = document.getElementsByTagName('div');
    for (i = 0; i < d.length; i++) {
      if (d[i].className == 'log') {
        flip(d[i]);
      }
    }
  }
}

// -->
</script>

</head>
<body>
<h2 align='center'>Test</h2><table border='1' align="center">
<tr>
<td>Tests passed/Failed/Skipped:</td><td>19/3/0</td>
</tr><tr>
<td>Started on:</td><td>Sun Nov 21 14:39:55 IST 2021</td>
</tr>
<tr><td>Total time:</td><td>378 seconds (378385 ms)</td>
</tr><tr>
<td>Included groups:</td><td></td>
</tr><tr>
<td>Excluded groups:</td><td></td>
</tr>
</table><p/>
<small><i>(Hover the method name to see the test class name)</i></small><p/>
<table width='100%' border='1' class='invocation-failed'>
<tr><td colspan='4' align='center'><b>FAILED TESTS</b></td></tr>
<tr><td><b>Test method</b></td>
<td width="30%"><b>Exception</b></td>
<td width="10%"><b>Time (seconds)</b></td>
<td><b>Instance</b></td>
</tr>
<tr>
<td title='testcases.TC_17_CustomerServicePageDesiredOptions.customerServicePageDesiredOptions()'><b>customerServicePageDesiredOptions</b><br>Test class: testcases.TC_17_CustomerServicePageDesiredOptions<br>Test method: Verify : Customer Service page has desired options</td>
<td><div><pre>org.openqa.selenium.ElementClickInterceptedException: element click intercepted: Element is not clickable at point (-29, 562)
  (Session info: headless chrome=96.0.4664.45)
Build info: version: &apos;3.141.59&apos;, revision: &apos;e82be7d358&apos;, time: &apos;2018-11-14T08:17:03&apos;
System info: host: &apos;ANIIN1L405097&apos;, ip: &apos;192.168.80.1&apos;, os.name: &apos;Windows 10&apos;, os.arch: &apos;amd64&apos;, os.version: &apos;10.0&apos;, java.version: &apos;15.0.2&apos;
Driver info: org.openqa.selenium.chrome.ChromeDriver
Capabilities {acceptInsecureCerts: false, browserName: chrome, browserVersion: 96.0.4664.45, chrome: {chromedriverVersion: 95.0.4638.54 (d31a821ec901f..., userDataDir: C:\Users\mansozx\AppData\Lo...}, goog:chromeOptions: {debuggerAddress: localhost:52126}, javascriptEnabled: true, networkConnectionEnabled: false, pageLoadStrategy: normal, platform: WINDOWS, platformName: WINDOWS, proxy: Proxy(), setWindowRect: true, strictFileInteractability: false, timeouts: {implicit: 0, pageLoad: 300000, script: 30000}, unhandledPromptBehavior: dismiss and notify, webauthn:extension:credBlob: true, webauthn:extension:largeBlob: true, webauthn:virtualAuthenticators: true}
Session ID: f60fbf135ba45713125c4cd03a9c14bf
	at org.openqa.selenium.remote.http.W3CHttpResponseCodec.createException(W3CHttpResponseCodec.java:187)
	at org.openqa.selenium.remote.http.W3CHttpResponseCodec.decode(W3CHttpResponseCodec.java:122)
	at org.openqa.selenium.remote.http.W3CHttpResponseCodec.decode(W3CHttpResponseCodec.java:49)
	at org.openqa.selenium.remote.HttpCommandExecutor.execute(HttpCommandExecutor.java:158)
	at org.openqa.selenium.remote.service.DriverCommandExecutor.execute(DriverCommandExecutor.java:83)
	at org.openqa.selenium.remote.RemoteWebDriver.execute(RemoteWebDriver.java:552)
	at org.openqa.selenium.remote.RemoteWebElement.execute(RemoteWebElement.java:285)
	at org.openqa.selenium.remote.RemoteWebElement.click(RemoteWebElement.java:84)
	at org.openqa.selenium.support.pagefactory.internal.LocatingElementHandler.invoke(LocatingElementHandler.java:51)
	at com.sun.proxy.$Proxy16.click(Unknown Source)
	at pages.HomePage.clickHMenuCustomerService(HomePage.java:195)
	at testcases.TC_17_CustomerServicePageDesiredOptions.customerServicePageDesiredOptions(TC_17_CustomerServicePageDesiredOptions.java:16)
... Removed 33 stack frames</pre></div><a href='#' onClick='toggleBox("stack-trace1011646033", this, "Click to show all stack frames", "Click to hide stack frames")'>Click to show all stack frames</a>
<div class='stack-trace' id='stack-trace1011646033'><pre>org.openqa.selenium.ElementClickInterceptedException: element click intercepted: Element is not clickable at point (-29, 562)
  (Session info: headless chrome=96.0.4664.45)
Build info: version: &apos;3.141.59&apos;, revision: &apos;e82be7d358&apos;, time: &apos;2018-11-14T08:17:03&apos;
System info: host: &apos;ANIIN1L405097&apos;, ip: &apos;192.168.80.1&apos;, os.name: &apos;Windows 10&apos;, os.arch: &apos;amd64&apos;, os.version: &apos;10.0&apos;, java.version: &apos;15.0.2&apos;
Driver info: org.openqa.selenium.chrome.ChromeDriver
Capabilities {acceptInsecureCerts: false, browserName: chrome, browserVersion: 96.0.4664.45, chrome: {chromedriverVersion: 95.0.4638.54 (d31a821ec901f..., userDataDir: C:\Users\mansozx\AppData\Lo...}, goog:chromeOptions: {debuggerAddress: localhost:52126}, javascriptEnabled: true, networkConnectionEnabled: false, pageLoadStrategy: normal, platform: WINDOWS, platformName: WINDOWS, proxy: Proxy(), setWindowRect: true, strictFileInteractability: false, timeouts: {implicit: 0, pageLoad: 300000, script: 30000}, unhandledPromptBehavior: dismiss and notify, webauthn:extension:credBlob: true, webauthn:extension:largeBlob: true, webauthn:virtualAuthenticators: true}
Session ID: f60fbf135ba45713125c4cd03a9c14bf
	at java.base/jdk.internal.reflect.NativeConstructorAccessorImpl.newInstance0(Native Method)
	at java.base/jdk.internal.reflect.NativeConstructorAccessorImpl.newInstance(NativeConstructorAccessorImpl.java:64)
	at java.base/jdk.internal.reflect.DelegatingConstructorAccessorImpl.newInstance(DelegatingConstructorAccessorImpl.java:45)
	at java.base/java.lang.reflect.Constructor.newInstanceWithCaller(Constructor.java:500)
	at java.base/java.lang.reflect.Constructor.newInstance(Constructor.java:481)
	at org.openqa.selenium.remote.http.W3CHttpResponseCodec.createException(W3CHttpResponseCodec.java:187)
	at org.openqa.selenium.remote.http.W3CHttpResponseCodec.decode(W3CHttpResponseCodec.java:122)
	at org.openqa.selenium.remote.http.W3CHttpResponseCodec.decode(W3CHttpResponseCodec.java:49)
	at org.openqa.selenium.remote.HttpCommandExecutor.execute(HttpCommandExecutor.java:158)
	at org.openqa.selenium.remote.service.DriverCommandExecutor.execute(DriverCommandExecutor.java:83)
	at org.openqa.selenium.remote.RemoteWebDriver.execute(RemoteWebDriver.java:552)
	at org.openqa.selenium.remote.RemoteWebElement.execute(RemoteWebElement.java:285)
	at org.openqa.selenium.remote.RemoteWebElement.click(RemoteWebElement.java:84)
	at jdk.internal.reflect.GeneratedMethodAccessor7.invoke(Unknown Source)
	at java.base/jdk.internal.reflect.DelegatingMethodAccessorImpl.invoke(DelegatingMethodAccessorImpl.java:43)
	at java.base/java.lang.reflect.Method.invoke(Method.java:564)
	at org.openqa.selenium.support.pagefactory.internal.LocatingElementHandler.invoke(LocatingElementHandler.java:51)
	at com.sun.proxy.$Proxy16.click(Unknown Source)
	at pages.HomePage.clickHMenuCustomerService(HomePage.java:195)
	at testcases.TC_17_CustomerServicePageDesiredOptions.customerServicePageDesiredOptions(TC_17_CustomerServicePageDesiredOptions.java:16)
	at java.base/jdk.internal.reflect.NativeMethodAccessorImpl.invoke0(Native Method)
	at java.base/jdk.internal.reflect.NativeMethodAccessorImpl.invoke(NativeMethodAccessorImpl.java:64)
	at java.base/jdk.internal.reflect.DelegatingMethodAccessorImpl.invoke(DelegatingMethodAccessorImpl.java:43)
	at java.base/java.lang.reflect.Method.invoke(Method.java:564)
	at org.testng.internal.MethodInvocationHelper.invokeMethod(MethodInvocationHelper.java:124)
	at org.testng.internal.Invoker.invokeMethod(Invoker.java:583)
	at org.testng.internal.Invoker.invokeTestMethod(Invoker.java:719)
	at org.testng.internal.Invoker.invokeTestMethods(Invoker.java:989)
	at org.testng.internal.TestMethodWorker.invokeTestMethods(TestMethodWorker.java:125)
	at org.testng.internal.TestMethodWorker.run(TestMethodWorker.java:109)
	at org.testng.TestRunner.privateRun(TestRunner.java:648)
	at org.testng.TestRunner.run(TestRunner.java:505)
	at org.testng.SuiteRunner.runTest(SuiteRunner.java:455)
	at org.testng.SuiteRunner.runSequentially(SuiteRunner.java:450)
	at org.testng.SuiteRunner.privateRun(SuiteRunner.java:415)
	at org.testng.SuiteRunner.run(SuiteRunner.java:364)
	at org.testng.SuiteRunnerWorker.runSuite(SuiteRunnerWorker.java:52)
	at org.testng.SuiteRunnerWorker.run(SuiteRunnerWorker.java:84)
	at org.testng.TestNG.runSuitesSequentially(TestNG.java:1208)
	at org.testng.TestNG.runSuitesLocally(TestNG.java:1137)
	at org.testng.TestNG.runSuites(TestNG.java:1049)
	at org.testng.TestNG.run(TestNG.java:1017)
	at org.testng.remote.AbstractRemoteTestNG.run(AbstractRemoteTestNG.java:115)
	at org.testng.remote.RemoteTestNG.initAndRun(RemoteTestNG.java:251)
	at org.testng.remote.RemoteTestNG.main(RemoteTestNG.java:77)
</pre></div></td>
<td>2</td>
<td>testcases.TC_17_CustomerServicePageDesiredOptions@53251a66</td></tr>
<tr>
<td title='testcases.TC_02_LoginInvalidId.loginInvalidId()'><b>loginInvalidId</b><br>Test class: testcases.TC_02_LoginInvalidId<br>Test method: Verify : Login with invalid ID</td>
<td><div><pre>java.lang.AssertionError: expected [true] but found [false]
	at testcases.TC_02_LoginInvalidId.loginInvalidId(TC_02_LoginInvalidId.java:33)
... Removed 29 stack frames</pre></div><a href='#' onClick='toggleBox("stack-trace1563699545", this, "Click to show all stack frames", "Click to hide stack frames")'>Click to show all stack frames</a>
<div class='stack-trace' id='stack-trace1563699545'><pre>java.lang.AssertionError: expected [true] but found [false]
	at org.testng.Assert.fail(Assert.java:96)
	at org.testng.Assert.failNotEquals(Assert.java:776)
	at org.testng.Assert.assertTrue(Assert.java:44)
	at org.testng.Assert.assertTrue(Assert.java:54)
	at testcases.TC_02_LoginInvalidId.loginInvalidId(TC_02_LoginInvalidId.java:33)
	at java.base/jdk.internal.reflect.NativeMethodAccessorImpl.invoke0(Native Method)
	at java.base/jdk.internal.reflect.NativeMethodAccessorImpl.invoke(NativeMethodAccessorImpl.java:64)
	at java.base/jdk.internal.reflect.DelegatingMethodAccessorImpl.invoke(DelegatingMethodAccessorImpl.java:43)
	at java.base/java.lang.reflect.Method.invoke(Method.java:564)
	at org.testng.internal.MethodInvocationHelper.invokeMethod(MethodInvocationHelper.java:124)
	at org.testng.internal.Invoker.invokeMethod(Invoker.java:583)
	at org.testng.internal.Invoker.invokeTestMethod(Invoker.java:719)
	at org.testng.internal.Invoker.invokeTestMethods(Invoker.java:989)
	at org.testng.internal.TestMethodWorker.invokeTestMethods(TestMethodWorker.java:125)
	at org.testng.internal.TestMethodWorker.run(TestMethodWorker.java:109)
	at org.testng.TestRunner.privateRun(TestRunner.java:648)
	at org.testng.TestRunner.run(TestRunner.java:505)
	at org.testng.SuiteRunner.runTest(SuiteRunner.java:455)
	at org.testng.SuiteRunner.runSequentially(SuiteRunner.java:450)
	at org.testng.SuiteRunner.privateRun(SuiteRunner.java:415)
	at org.testng.SuiteRunner.run(SuiteRunner.java:364)
	at org.testng.SuiteRunnerWorker.runSuite(SuiteRunnerWorker.java:52)
	at org.testng.SuiteRunnerWorker.run(SuiteRunnerWorker.java:84)
	at org.testng.TestNG.runSuitesSequentially(TestNG.java:1208)
	at org.testng.TestNG.runSuitesLocally(TestNG.java:1137)
	at org.testng.TestNG.runSuites(TestNG.java:1049)
	at org.testng.TestNG.run(TestNG.java:1017)
	at org.testng.remote.AbstractRemoteTestNG.run(AbstractRemoteTestNG.java:115)
	at org.testng.remote.RemoteTestNG.initAndRun(RemoteTestNG.java:251)
	at org.testng.remote.RemoteTestNG.main(RemoteTestNG.java:77)
</pre></div></td>
<td>2</td>
<td>testcases.TC_02_LoginInvalidId@1fb19a0</td></tr>
<tr>
<td title='testcases.TC_01_LoginValid.loginValid()'><b>loginValid</b><br>Test class: testcases.TC_01_LoginValid<br>Test method: Verify : Login with valid credentials</td>
<td><div><pre>java.lang.AssertionError: expected [true] but found [false]
	at testcases.TC_01_LoginValid.loginValid(TC_01_LoginValid.java:37)
... Removed 29 stack frames</pre></div><a href='#' onClick='toggleBox("stack-trace2093613480", this, "Click to show all stack frames", "Click to hide stack frames")'>Click to show all stack frames</a>
<div class='stack-trace' id='stack-trace2093613480'><pre>java.lang.AssertionError: expected [true] but found [false]
	at org.testng.Assert.fail(Assert.java:96)
	at org.testng.Assert.failNotEquals(Assert.java:776)
	at org.testng.Assert.assertTrue(Assert.java:44)
	at org.testng.Assert.assertTrue(Assert.java:54)
	at testcases.TC_01_LoginValid.loginValid(TC_01_LoginValid.java:37)
	at java.base/jdk.internal.reflect.NativeMethodAccessorImpl.invoke0(Native Method)
	at java.base/jdk.internal.reflect.NativeMethodAccessorImpl.invoke(NativeMethodAccessorImpl.java:64)
	at java.base/jdk.internal.reflect.DelegatingMethodAccessorImpl.invoke(DelegatingMethodAccessorImpl.java:43)
	at java.base/java.lang.reflect.Method.invoke(Method.java:564)
	at org.testng.internal.MethodInvocationHelper.invokeMethod(MethodInvocationHelper.java:124)
	at org.testng.internal.Invoker.invokeMethod(Invoker.java:583)
	at org.testng.internal.Invoker.invokeTestMethod(Invoker.java:719)
	at org.testng.internal.Invoker.invokeTestMethods(Invoker.java:989)
	at org.testng.internal.TestMethodWorker.invokeTestMethods(TestMethodWorker.java:125)
	at org.testng.internal.TestMethodWorker.run(TestMethodWorker.java:109)
	at org.testng.TestRunner.privateRun(TestRunner.java:648)
	at org.testng.TestRunner.run(TestRunner.java:505)
	at org.testng.SuiteRunner.runTest(SuiteRunner.java:455)
	at org.testng.SuiteRunner.runSequentially(SuiteRunner.java:450)
	at org.testng.SuiteRunner.privateRun(SuiteRunner.java:415)
	at org.testng.SuiteRunner.run(SuiteRunner.java:364)
	at org.testng.SuiteRunnerWorker.runSuite(SuiteRunnerWorker.java:52)
	at org.testng.SuiteRunnerWorker.run(SuiteRunnerWorker.java:84)
	at org.testng.TestNG.runSuitesSequentially(TestNG.java:1208)
	at org.testng.TestNG.runSuitesLocally(TestNG.java:1137)
	at org.testng.TestNG.runSuites(TestNG.java:1049)
	at org.testng.TestNG.run(TestNG.java:1017)
	at org.testng.remote.AbstractRemoteTestNG.run(AbstractRemoteTestNG.java:115)
	at org.testng.remote.RemoteTestNG.initAndRun(RemoteTestNG.java:251)
	at org.testng.remote.RemoteTestNG.main(RemoteTestNG.java:77)
</pre></div></td>
<td>5</td>
<td>testcases.TC_01_LoginValid@732d0d24</td></tr>
</table><p>
<table width='100%' border='1' class='invocation-passed'>
<tr><td colspan='4' align='center'><b>PASSED TESTS</b></td></tr>
<tr><td><b>Test method</b></td>
<td width="30%"><b>Exception</b></td>
<td width="10%"><b>Time (seconds)</b></td>
<td><b>Instance</b></td>
</tr>
<tr>
<td title='testcases.TC_15_VerifyDailyDealsCardDisplay.VerifyDailyDealsCardDisplay()'><b>VerifyDailyDealsCardDisplay</b><br>Test class: testcases.TC_15_VerifyDailyDealsCardDisplay<br>Test method: Verify : Daily deals cards are displaying on Home page</td>
<td></td>
<td>0</td>
<td>testcases.TC_15_VerifyDailyDealsCardDisplay@6057aebb</td></tr>
<tr>
<td title='testcases.TC_19_CategoriesInSearchBox.categoriesInSearchBox()'><b>categoriesInSearchBox</b><br>Test class: testcases.TC_19_CategoriesInSearchBox<br>Test method: Verify dropdown for categories in search box working or not</td>
<td></td>
<td>19</td>
<td>testcases.TC_19_CategoriesInSearchBox@352c1b98</td></tr>
<tr>
<td title='testcases.TC_18_ContactUsFunctionality.contactUsFunctionality()'><b>contactUsFunctionality</b><br>Test class: testcases.TC_18_ContactUsFunctionality<br>Test method: Verify : All contact us options working</td>
<td></td>
<td>12</td>
<td>testcases.TC_18_ContactUsFunctionality@6853425f</td></tr>
<tr>
<td title='testcases.TC_16_DealsPrevNextButtons.dealsPrevNextButtonsWorking()'><b>dealsPrevNextButtonsWorking</b><br>Test class: testcases.TC_16_DealsPrevNextButtons<br>Test method: Verify : Carousel's PREVIOUS and NEXT buttons functionality</td>
<td></td>
<td>24</td>
<td>testcases.TC_16_DealsPrevNextButtons@63eef88a</td></tr>
<tr>
<td title='testcases.TC_04_LoginBlankId.loginBlankId()'><b>loginBlankId</b><br>Test class: testcases.TC_04_LoginBlankId<br>Test method: Verify : Login with fields blank</td>
<td></td>
<td>1</td>
<td>testcases.TC_04_LoginBlankId@5a5338df</td></tr>
<tr>
<td title='testcases.TC_00_LoginDDT.loginDDT()'><b>loginDDT</b><br>Test class: testcases.TC_00_LoginDDT<br>Test method: Data Driven Testing for Login<br>Parameters: 8733806144, QA@automation</td>
<td></td>
<td>5</td>
<td>testcases.TC_00_LoginDDT@5e3d57c7</td></tr>
<tr>
<td title='testcases.TC_00_LoginDDT.loginDDT()'><b>loginDDT</b><br>Test class: testcases.TC_00_LoginDDT<br>Test method: Data Driven Testing for Login<br>Parameters: 8733806144, invalid</td>
<td></td>
<td>9</td>
<td>testcases.TC_00_LoginDDT@5e3d57c7</td></tr>
<tr>
<td title='testcases.TC_00_LoginDDT.loginDDT()'><b>loginDDT</b><br>Test class: testcases.TC_00_LoginDDT<br>Test method: Data Driven Testing for Login<br>Parameters: invalid, invalid</td>
<td></td>
<td>7</td>
<td>testcases.TC_00_LoginDDT@5e3d57c7</td></tr>
<tr>
<td title='testcases.TC_03_LoginInvalidPassword.loginInvalidPassword()'><b>loginInvalidPassword</b><br>Test class: testcases.TC_03_LoginInvalidPassword<br>Test method: Verify : Login with invalid password</td>
<td></td>
<td>4</td>
<td>testcases.TC_03_LoginInvalidPassword@6ee4d9ab</td></tr>
<tr>
<td title='testcases.TC_11_ResultsClickOpensInNewTab.resultsClickOpensInNewTab()'><b>resultsClickOpensInNewTab</b><br>Test class: testcases.TC_11_ResultsClickOpensInNewTab<br>Test method: Verify : clicking on result opens in new tab</td>
<td></td>
<td>3</td>
<td>testcases.TC_11_ResultsClickOpensInNewTab@75d2da2d</td></tr>
<tr>
<td title='testcases.TC_12_VerifyAddToCart.verifyAddToCart()'><b>verifyAddToCart</b><br>Test class: testcases.TC_12_VerifyAddToCart<br>Test method: Verify : Add to cart functionality</td>
<td></td>
<td>19</td>
<td>testcases.TC_12_VerifyAddToCart@4278284b</td></tr>
<tr>
<td title='testcases.TC_14_VerifyAddToWishList.verifyAddToWishList()'><b>verifyAddToWishList</b><br>Test class: testcases.TC_14_VerifyAddToWishList<br>Test method: Verify : Add to Wish List</td>
<td></td>
<td>18</td>
<td>testcases.TC_14_VerifyAddToWishList@3370f42</td></tr>
<tr>
<td title='testcases.TC_07_VerifyAfterSignOutAccess.verifyAfterSignOutAccess()'><b>verifyAfterSignOutAccess</b><br>Test class: testcases.TC_07_VerifyAfterSignOutAccess<br>Test method: Verify : After sign out access</td>
<td></td>
<td>9</td>
<td>testcases.TC_07_VerifyAfterSignOutAccess@5082d622</td></tr>
<tr>
<td title='testcases.TC_13_VerifyDeleteFromCart.verifyDeleteFromCart()'><b>verifyDeleteFromCart</b><br>Test class: testcases.TC_13_VerifyDeleteFromCart<br>Test method: Verify : Delete from cart functionality</td>
<td></td>
<td>21</td>
<td>testcases.TC_13_VerifyDeleteFromCart@9573584</td></tr>
<tr>
<td title='testcases.TC_05_VerifyForgotPassword.verifyForgotPassword()'><b>verifyForgotPassword</b><br>Test class: testcases.TC_05_VerifyForgotPassword<br>Test method: Verify : Forgot password functionality</td>
<td></td>
<td>19</td>
<td>testcases.TC_05_VerifyForgotPassword@418c5a9c</td></tr>
<tr>
<td title='testcases.TC_06_VerifyKeepMeSignedIn.verifyKeepMeSignedIn()'><b>verifyKeepMeSignedIn</b><br>Test class: testcases.TC_06_VerifyKeepMeSignedIn<br>Test method: Verify : 'Keep me signed in' functionality</td>
<td></td>
<td>9</td>
<td>testcases.TC_06_VerifyKeepMeSignedIn@18e36d14</td></tr>
<tr>
<td title='testcases.TC_10_SearchResults.verifySearchResults()'><b>verifySearchResults</b><br>Test class: testcases.TC_10_SearchResults<br>Test method: Verify : search results are matching or not</td>
<td></td>
<td>4</td>
<td>testcases.TC_10_SearchResults@332729ad</td></tr>
<tr>
<td title='testcases.TC_09_SearchSuggestions.verifySearchSuggestionsCharByChar()'><b>verifySearchSuggestionsCharByChar</b><br>Test class: testcases.TC_09_SearchSuggestions<br>Test method: Verify : Seach suggestions characters by characters</td>
<td></td>
<td>16</td>
<td>testcases.TC_09_SearchSuggestions@302f7971</td></tr>
<tr>
<td title='testcases.TC_08_WaterTextOfSearchBox.waterTextOfSearchBox()'><b>waterTextOfSearchBox</b><br>Test class: testcases.TC_08_WaterTextOfSearchBox<br>Test method: Verify : Water text in Search box</td>
<td></td>
<td>0</td>
<td>testcases.TC_08_WaterTextOfSearchBox@13d4992d</td></tr>
</table><p>
</body>
</html>