<?xml version="1.0" encoding="UTF-8"?>
<!-- Generated by org.testng.reporters.JUnitXMLReporter -->
<testsuite ignored="0" hostname="ANIIN1L405097" failures="3" tests="22" name="Test" time="378.385" errors="0" timestamp="21 Nov 2021 09:16:13 GMT">
  <testcase classname="testcases.TC_00_LoginDDT" name="loginDDT" time="5.94"/>
  <testcase classname="testcases.TC_00_LoginDDT" name="loginDDT" time="9.184"/>
  <testcase classname="testcases.TC_00_LoginDDT" name="loginDDT" time="7.281"/>
  <testcase classname="testcases.TC_01_LoginValid" name="loginValid" time="5.782">
    <failure type="java.lang.AssertionError" message="expected [true] but found [false]">
      <![CDATA[java.lang.AssertionError: expected [true] but found [false]
at testcases.TC_01_LoginValid.loginValid(TC_01_LoginValid.java:37)
... Removed 29 stack frames]]>
    </failure>
  </testcase> <!-- loginValid -->
  <testcase classname="testcases.TC_02_LoginInvalidId" name="loginInvalidId" time="2.261">
    <failure type="java.lang.AssertionError" message="expected [true] but found [false]">
      <![CDATA[java.lang.AssertionError: expected [true] but found [false]
at testcases.TC_02_LoginInvalidId.loginInvalidId(TC_02_LoginInvalidId.java:33)
... Removed 29 stack frames]]>
    </failure>
  </testcase> <!-- loginInvalidId -->
  <testcase classname="testcases.TC_03_LoginInvalidPassword" name="loginInvalidPassword" time="4.069"/>
  <testcase classname="testcases.TC_04_LoginBlankId" name="loginBlankId" time="1.709"/>
  <testcase classname="testcases.TC_05_VerifyForgotPassword" name="verifyForgotPassword" time="19.936"/>
  <testcase classname="testcases.TC_06_VerifyKeepMeSignedIn" name="verifyKeepMeSignedIn" time="9.617"/>
  <testcase classname="testcases.TC_07_VerifyAfterSignOutAccess" name="verifyAfterSignOutAccess" time="9.348"/>
  <testcase classname="testcases.TC_08_WaterTextOfSearchBox" name="waterTextOfSearchBox" time="0.04"/>
  <testcase classname="testcases.TC_09_SearchSuggestions" name="verifySearchSuggestionsCharByChar" time="16.665"/>
  <testcase classname="testcases.TC_10_SearchResults" name="verifySearchResults" time="4.158"/>
  <testcase classname="testcases.TC_11_ResultsClickOpensInNewTab" name="resultsClickOpensInNewTab" time="3.665"/>
  <testcase classname="testcases.TC_12_VerifyAddToCart" name="verifyAddToCart" time="19.088"/>
  <testcase classname="testcases.TC_13_VerifyDeleteFromCart" name="verifyDeleteFromCart" time="21.981"/>
  <testcase classname="testcases.TC_14_VerifyAddToWishList" name="verifyAddToWishList" time="18.4"/>
  <testcase classname="testcases.TC_15_VerifyDailyDealsCardDisplay" name="VerifyDailyDealsCardDisplay" time="0.556"/>
  <testcase classname="testcases.TC_16_DealsPrevNextButtons" name="dealsPrevNextButtonsWorking" time="24.269"/>
  <testcase classname="testcases.TC_17_CustomerServicePageDesiredOptions" name="customerServicePageDesiredOptions" time="2.205">
    <failure type="org.openqa.selenium.ElementClickInterceptedException" message="element click intercepted: Element is not clickable at point (-29, 562)
  (Session info: headless chrome=96.0.4664.45)
Build info: version: &amp;apos;3.141.59&amp;apos;, revision: &amp;apos;e82be7d358&amp;apos;, time: &amp;apos;2018-11-14T08:17:03&amp;apos;
System info: host: &amp;apos;ANIIN1L405097&amp;apos;, ip: &amp;apos;192.168.80.1&amp;apos;, os.name: &amp;apos;Windows 10&amp;apos;, os.arch: &amp;apos;amd64&amp;apos;, os.version: &amp;apos;10.0&amp;apos;, java.version: &amp;apos;15.0.2&amp;apos;
Driver info: org.openqa.selenium.chrome.ChromeDriver
Capabilities {acceptInsecureCerts: false, browserName: chrome, browserVersion: 96.0.4664.45, chrome: {chromedriverVersion: 95.0.4638.54 (d31a821ec901f..., userDataDir: C:\Users\mansozx\AppData\Lo...}, goog:chromeOptions: {debuggerAddress: localhost:52126}, javascriptEnabled: true, networkConnectionEnabled: false, pageLoadStrategy: normal, platform: WINDOWS, platformName: WINDOWS, proxy: Proxy(), setWindowRect: true, strictFileInteractability: false, timeouts: {implicit: 0, pageLoad: 300000, script: 30000}, unhandledPromptBehavior: dismiss and notify, webauthn:extension:credBlob: true, webauthn:extension:largeBlob: true, webauthn:virtualAuthenticators: true}
Session ID: f60fbf135ba45713125c4cd03a9c14bf">
      <![CDATA[org.openqa.selenium.ElementClickInterceptedException: element click intercepted: Element is not clickable at point (-29, 562)
  (Session info: headless chrome=96.0.4664.45)
Build info: version: '3.141.59', revision: 'e82be7d358', time: '2018-11-14T08:17:03'
System info: host: 'ANIIN1L405097', ip: '192.168.80.1', os.name: 'Windows 10', os.arch: 'amd64', os.version: '10.0', java.version: '15.0.2'
Driver info: org.openqa.selenium.chrome.ChromeDriver
Capabilities {acceptInsecureCerts: false, browserName: chrome, browserVersion: 96.0.4664.45, chrome: {chromedriverVersion: 95.0.4638.54 (d31a821ec901f..., userDataDir: C:\Users\mansozx\AppData\Lo...}, goog:chromeOptions: {debuggerAddress: localhost:52126}, javascriptEnabled: true, networkConnectionEnabled: false, pageLoadStrategy: normal, platform: WINDOWS, platformName: WINDOWS, proxy: Proxy(), setWindowRect: true, strictFileInteractability: false, timeouts: {implicit: 0, pageLoad: 300000, script: 30000}, unhandledPromptBehavior: dismiss and notify, webauthn:extension:credBlob: true, webauthn:extension:largeBlob: true, webauthn:virtualAuthenticators: true}
Session ID: f60fbf135ba45713125c4cd03a9c14bf
at org.openqa.selenium.remote.http.W3CHttpResponseCodec.createException(W3CHttpResponseCodec.java:187)
at org.openqa.selenium.remote.http.W3CHttpResponseCodec.decode(W3CHttpResponseCodec.java:122)
at org.openqa.selenium.remote.http.W3CHttpResponseCodec.decode(W3CHttpResponseCodec.java:49)
at org.openqa.selenium.remote.HttpCommandExecutor.execute(HttpCommandExecutor.java:158)
at org.openqa.selenium.remote.service.DriverCommandExecutor.execute(DriverCommandExecutor.java:83)
at org.openqa.selenium.remote.RemoteWebDriver.execute(RemoteWebDriver.java:552)
at org.openqa.selenium.remote.RemoteWebElement.execute(RemoteWebElement.java:285)
at org.openqa.selenium.remote.RemoteWebElement.click(RemoteWebElement.java:84)
at org.openqa.selenium.support.pagefactory.internal.LocatingElementHandler.invoke(LocatingElementHandler.java:51)
at com.sun.proxy.$Proxy16.click(Unknown Source)
at pages.HomePage.clickHMenuCustomerService(HomePage.java:195)
at testcases.TC_17_CustomerServicePageDesiredOptions.customerServicePageDesiredOptions(TC_17_CustomerServicePageDesiredOptions.java:16)
... Removed 33 stack frames]]>
    </failure>
  </testcase> <!-- customerServicePageDesiredOptions -->
  <testcase classname="testcases.TC_18_ContactUsFunctionality" name="contactUsFunctionality" time="12.135"/>
  <testcase classname="testcases.TC_19_CategoriesInSearchBox" name="categoriesInSearchBox" time="19.962"/>
</testsuite> <!-- Test -->
